2018-07-27 17:15:47.453 [http-nio-8080-exec-3] DEBUG ihm - yogj
2018-07-27 17:15:47.464 [http-nio-8080-exec-3] DEBUG ihm - 1
2018-07-27 17:15:47.465 [http-nio-8080-exec-3] DEBUG ihm - 1
2018-07-27 17:15:47.467 [http-nio-8080-exec-3] DEBUG ihm - 1
2018-07-27 17:15:47.469 [http-nio-8080-exec-3] DEBUG ihm - CTRL yogj - $2a$10$PkyNIKEAqbMrZNeQ/QPRyeOV0gB.Q3LFxdjU94YlqUCzj.BhwVaVa - 1
2018-07-27 17:15:47.571 [http-nio-8080-exec-6] DEBUG ihm - 1
2018-07-27 17:15:47.573 [http-nio-8080-exec-6] DEBUG ihm - 1
2018-07-27 17:15:49.374 [http-nio-8080-exec-2] DEBUG ihm - 1
2018-07-27 17:15:49.375 [http-nio-8080-exec-2] DEBUG ihm - 1
2018-07-27 17:15:49.376 [http-nio-8080-exec-2] DEBUG ihm - 1
2018-07-27 17:15:49.378 [http-nio-8080-exec-2] DEBUG ihm - 1
2018-07-27 17:15:49.379 [http-nio-8080-exec-2] DEBUG ihm - 1
2018-07-27 17:15:49.381 [http-nio-8080-exec-2] DEBUG ihm - 1
2018-07-27 17:15:49.382 [http-nio-8080-exec-2] DEBUG ihm - 1
2018-07-27 17:15:49.384 [http-nio-8080-exec-2] DEBUG ihm - 1
2018-07-27 17:15:54.962 [http-nio-8080-exec-7] DEBUG ihm - 1
2018-07-27 17:15:54.963 [http-nio-8080-exec-7] DEBUG ihm - business recherche Blocs des pucelles - 1
2018-07-27 17:15:54.965 [http-nio-8080-exec-7] DEBUG ihm - 1
2018-07-27 17:15:54.966 [http-nio-8080-exec-7] DEBUG ihm - 1
2018-07-27 17:15:54.968 [http-nio-8080-exec-7] DEBUG ihm - 1
2018-07-27 17:15:54.969 [http-nio-8080-exec-7] DEBUG ihm - 1
2018-07-27 17:15:54.972 [http-nio-8080-exec-7] DEBUG ihm - 1
2018-07-27 17:15:54.974 [http-nio-8080-exec-7] DEBUG ihm - 1
2018-07-27 17:15:54.975 [http-nio-8080-exec-7] DEBUG ihm - 1
2018-07-27 17:15:54.976 [http-nio-8080-exec-7] DEBUG ihm - 1
2018-07-27 17:15:54.978 [http-nio-8080-exec-7] DEBUG ihm - 1
2018-07-27 17:15:54.979 [http-nio-8080-exec-7] DEBUG ihm - 1
2018-07-27 17:15:54.981 [http-nio-8080-exec-7] DEBUG ihm - 1
2018-07-27 17:15:54.981 [http-nio-8080-exec-7] DEBUG ihm - 1
2018-07-27 17:15:56.473 [http-nio-8080-exec-10] DEBUG ihm - Blocs des pucelles
2018-07-27 17:15:56.473 [http-nio-8080-exec-10] DEBUG ihm - 1
2018-07-27 17:15:56.474 [http-nio-8080-exec-10] DEBUG ihm - 1
2018-07-27 17:15:56.476 [http-nio-8080-exec-10] DEBUG ihm - 1
2018-07-27 17:15:56.477 [http-nio-8080-exec-10] DEBUG ihm - 1
2018-07-27 17:15:56.480 [http-nio-8080-exec-10] DEBUG ihm - 1
2018-07-27 17:15:56.481 [http-nio-8080-exec-10] DEBUG ihm - 1
2018-07-27 17:15:56.482 [http-nio-8080-exec-10] DEBUG ihm - 1
2018-07-27 17:15:56.482 [http-nio-8080-exec-10] DEBUG ihm - 1
2018-07-27 17:16:10.104 [http-nio-8080-exec-11] DEBUG ihm - Blocs des pucelles
2018-07-27 17:16:10.107 [http-nio-8080-exec-11] DEBUG ihm - 1
2018-07-27 17:16:10.109 [http-nio-8080-exec-11] DEBUG ihm - 1
2018-07-27 17:16:10.111 [http-nio-8080-exec-11] DEBUG ihm - CTRL business Blocs des pucelles - ID 28
2018-07-27 17:16:10.113 [http-nio-8080-exec-11] DEBUG ihm - 1
2018-07-27 17:16:10.114 [http-nio-8080-exec-11] DEBUG ihm - 1
2018-07-27 17:16:10.117 [http-nio-8080-exec-11] DEBUG ihm - 1
2018-07-27 17:16:10.118 [http-nio-8080-exec-11] DEBUG ihm - 1
2018-07-27 17:16:10.120 [http-nio-8080-exec-11] DEBUG ihm - 1
2018-07-27 17:16:10.121 [http-nio-8080-exec-11] DEBUG ihm - 1
2018-07-27 17:16:10.122 [http-nio-8080-exec-11] DEBUG ihm - 35
2018-07-27 17:16:10.124 [http-nio-8080-exec-11] DEBUG ihm - 29
2018-07-27 17:16:10.140 [http-nio-8080-exec-12] DEBUG ihm - 1
2018-07-27 17:16:11.699 [http-nio-8080-exec-8] DEBUG ihm - 1
2018-07-27 17:16:11.700 [http-nio-8080-exec-8] DEBUG ihm - 1
2018-07-27 17:16:11.701 [http-nio-8080-exec-8] DEBUG ihm - 1
2018-07-27 17:16:11.702 [http-nio-8080-exec-8] DEBUG ihm - 1
2018-07-27 17:16:11.703 [http-nio-8080-exec-8] DEBUG ihm - 1
2018-07-27 17:16:11.705 [http-nio-8080-exec-8] DEBUG ihm - 1
2018-07-27 17:16:11.705 [http-nio-8080-exec-8] DEBUG ihm - 1
2018-07-27 17:16:19.808 [http-nio-8080-exec-13] DEBUG ihm - yogj
2018-07-27 17:16:19.809 [http-nio-8080-exec-13] DEBUG ihm - 1
2018-07-27 17:16:19.810 [http-nio-8080-exec-13] DEBUG ihm - 1
2018-07-27 17:16:19.811 [http-nio-8080-exec-13] DEBUG ihm - 1
2018-07-27 17:16:19.812 [http-nio-8080-exec-13] DEBUG ihm - CTRL yogj - $2a$10$PkyNIKEAqbMrZNeQ/QPRyeOV0gB.Q3LFxdjU94YlqUCzj.BhwVaVa - 1
2018-07-27 17:16:26.349 [http-nio-8080-exec-14] DEBUG ihm - CTRL Blocs des pucelles
2018-07-27 17:16:30.765 [http-nio-8080-exec-15] DEBUG ihm - CTRL rien
2018-07-27 17:16:35.134 [http-nio-8080-exec-16] DEBUG ihm - CTRL 1 - 30
2018-07-27 17:16:35.147 [http-nio-8080-exec-16] DEBUG ihm - 1
2018-07-27 17:16:35.148 [http-nio-8080-exec-16] DEBUG ihm - 1
2018-07-27 17:16:35.151 [http-nio-8080-exec-16] DEBUG ihm - 1
2018-07-27 17:16:35.155 [http-nio-8080-exec-16] DEBUG ihm - 1
2018-07-27 17:16:35.156 [http-nio-8080-exec-16] DEBUG ihm - 1
2018-07-27 17:16:35.157 [http-nio-8080-exec-16] DEBUG ihm - 1
2018-07-27 17:16:35.175 [http-nio-8080-exec-17] DEBUG ihm - 1
2018-07-27 17:16:35.176 [http-nio-8080-exec-17] DEBUG ihm - 1
2018-07-27 17:16:35.182 [http-nio-8080-exec-17] DEBUG ihm - 1
2018-07-27 17:16:35.183 [http-nio-8080-exec-17] DEBUG ihm - 1
2018-07-27 17:16:35.184 [http-nio-8080-exec-17] DEBUG ihm - 1
2018-07-27 17:16:35.184 [http-nio-8080-exec-17] DEBUG ihm - 1
2018-07-27 17:16:51.330 [http-nio-8080-exec-11] DEBUG ihm - CTRL 1
2018-07-27 17:16:51.330 [http-nio-8080-exec-11] DEBUG ihm - 1 - 6b
2018-07-27 17:16:51.343 [http-nio-8080-exec-11] DEBUG ihm - 1
2018-07-27 17:16:51.344 [http-nio-8080-exec-11] DEBUG ihm - 1
2018-07-27 17:16:51.345 [http-nio-8080-exec-11] DEBUG ihm - 1
2018-07-27 17:16:51.345 [http-nio-8080-exec-11] DEBUG ihm - 1
2018-07-27 17:16:51.346 [http-nio-8080-exec-11] DEBUG ihm - 1
2018-07-27 17:16:51.347 [http-nio-8080-exec-11] DEBUG ihm - 1
2018-07-27 17:17:00.580 [http-nio-8080-exec-19] DEBUG ihm - 1
2018-07-27 17:17:00.581 [http-nio-8080-exec-19] DEBUG ihm - 1
2018-07-27 17:17:00.584 [http-nio-8080-exec-19] DEBUG ihm - 1
2018-07-27 17:17:00.585 [http-nio-8080-exec-19] DEBUG ihm - 1
2018-07-27 17:17:00.586 [http-nio-8080-exec-19] DEBUG ihm - 1
2018-07-27 17:17:00.588 [http-nio-8080-exec-19] DEBUG ihm - 1
2018-07-27 17:17:26.000 [http-nio-8080-exec-13] DEBUG ihm - 1
2018-07-27 17:17:26.001 [http-nio-8080-exec-13] DEBUG ihm - 1
2018-07-27 17:17:28.121 [http-nio-8080-exec-14] DEBUG ihm - 1
2018-07-27 17:17:28.122 [http-nio-8080-exec-14] DEBUG ihm - 1
2018-07-27 17:17:28.123 [http-nio-8080-exec-14] DEBUG ihm - 1
2018-07-27 17:17:28.124 [http-nio-8080-exec-14] DEBUG ihm - 1
2018-07-27 17:17:28.124 [http-nio-8080-exec-14] DEBUG ihm - 1
2018-07-27 17:17:28.126 [http-nio-8080-exec-14] DEBUG ihm - 1
2018-07-27 17:17:28.126 [http-nio-8080-exec-14] DEBUG ihm - 1
2018-07-27 17:17:28.128 [http-nio-8080-exec-14] DEBUG ihm - 1
2018-07-27 17:17:30.383 [http-nio-8080-exec-15] DEBUG ihm - Blocs des pucelles
2018-07-27 17:17:30.384 [http-nio-8080-exec-15] DEBUG ihm - 1
2018-07-27 17:17:30.385 [http-nio-8080-exec-15] DEBUG ihm - 1
2018-07-27 17:17:32.276 [http-nio-8080-exec-16] DEBUG ihm - 1
2018-07-27 17:17:32.276 [http-nio-8080-exec-16] DEBUG ihm - business recherche Blocs des pucelles - 1
2018-07-27 17:17:32.277 [http-nio-8080-exec-16] DEBUG ihm - 1
2018-07-27 17:17:32.278 [http-nio-8080-exec-16] DEBUG ihm - 1
2018-07-27 17:17:32.279 [http-nio-8080-exec-16] DEBUG ihm - 1
2018-07-27 17:17:32.280 [http-nio-8080-exec-16] DEBUG ihm - 1
2018-07-27 17:17:32.282 [http-nio-8080-exec-16] DEBUG ihm - 1
2018-07-27 17:17:32.282 [http-nio-8080-exec-16] DEBUG ihm - 1
2018-07-27 17:17:32.283 [http-nio-8080-exec-16] DEBUG ihm - 1
2018-07-27 17:17:32.284 [http-nio-8080-exec-16] DEBUG ihm - 1
2018-07-27 17:17:32.286 [http-nio-8080-exec-16] DEBUG ihm - 1
2018-07-27 17:17:32.286 [http-nio-8080-exec-16] DEBUG ihm - 1
2018-07-27 17:17:32.287 [http-nio-8080-exec-16] DEBUG ihm - 1
2018-07-27 17:17:32.288 [http-nio-8080-exec-16] DEBUG ihm - 1
2018-07-27 17:17:32.291 [http-nio-8080-exec-16] DEBUG ihm - 1
2018-07-27 17:17:32.292 [http-nio-8080-exec-16] DEBUG ihm - 1
2018-07-27 17:17:32.293 [http-nio-8080-exec-16] DEBUG ihm - 1
2018-07-27 17:17:32.293 [http-nio-8080-exec-16] DEBUG ihm - 1
2018-07-27 17:17:32.294 [http-nio-8080-exec-16] DEBUG ihm - 1
2018-07-27 17:17:32.295 [http-nio-8080